# JRE version: OpenJDK Runtime Environment Temurin-21.0.9+10 (21.0.9+10) (build 21.0.9+10-LTS)
# Java VM: OpenJDK 64-Bit Server VM Temurin-21.0.9+10 (21.0.9+10-LTS, mixed mode, sharing, tiered, compressed oops, compressed class ptrs, parallel gc, windows-amd64)
GC Precious Log:
 CardTable entry size: 512
 CPUs: 6 total, 6 available
 Memory: 8033M
 Large Page Support: Disabled
 NUMA Support: Disabled
 Compressed Oops: Enabled (32-bit)
 Alignments: Space 512K, Generation 512K, Heap 2M
 Heap Min Capacity: 100M
 Heap Initial Capacity: 100M
 Heap Max Capacity: 2G
 Pre-touch: Disabled
 Parallel Workers: 6
Heap:
 PSYoungGen      total 7168K, used 1311K [0x00000000d5580000, 0x00000000d6100000, 0x0000000100000000)
  eden space 6144K, 6% used [0x00000000d5580000,0x00000000d55e3e10,0x00000000d5b80000)
  from space 1024K, 89% used [0x00000000d5c00000,0x00000000d5ce4020,0x00000000d5d00000)
  to   space 2048K, 0% used [0x00000000d5f00000,0x00000000d5f00000,0x00000000d6100000)
 ParOldGen       total 1166336K, used 1166040K [0x0000000080000000, 0x00000000c7300000, 0x00000000d5580000)
  object space 1166336K, 99% used [0x0000000080000000,0x00000000c72b61d0,0x00000000c7300000)
 Metaspace       used 94294K, committed 95744K, reserved 1179648K
  class space    used 9053K, committed 9728K, reserved 1048576K
GC Heap History (20 events):
Event: 598736.284 GC heap before
{Heap before GC invocations=15496 (full 10):
 PSYoungGen      total 12800K, used 11949K [0x00000000d5580000, 0x00000000d6380000, 0x0000000100000000)
  eden space 11264K, 98% used [0x00000000d5580000,0x00000000d605b038,0x00000000d6080000)
  from space 1536K, 54% used [0x00000000d6080000,0x00000000d6150610,0x00000000d6200000)
  to   space 1024K, 0% used [0x00000000d6280000,0x00000000d6280000,0x00000000d6380000)
 ParOldGen       total 1149952K, used 1149500K [0x0000000080000000, 0x00000000c6300000, 0x00000000d5580000)
  object space 1149952K, 99% used [0x0000000080000000,0x00000000c628f050,0x00000000c6300000)
 Metaspace       used 94280K, committed 95744K, reserved 1179648K
  class space    used 9053K, committed 9728K, reserved 1048576K
}
Event: 598736.290 GC heap after
{Heap after GC invocations=15496 (full 10):
 PSYoungGen      total 7168K, used 1021K [0x00000000d5580000, 0x00000000d6e80000, 0x0000000100000000)
  eden space 6144K, 0% used [0x00000000d5580000,0x00000000d5580000,0x00000000d5b80000)
  from space 1024K, 99% used [0x00000000d6280000,0x00000000d637f4e0,0x00000000d6380000)
  to   space 7168K, 0% used [0x00000000d5b80000,0x00000000d5b80000,0x00000000d6280000)
 ParOldGen       total 1154560K, used 1154516K [0x0000000080000000, 0x00000000c6780000, 0x00000000d5580000)
  object space 1154560K, 99% used [0x0000000080000000,0x00000000c6775050,0x00000000c6780000)
 Metaspace       used 94280K, committed 95744K, reserved 1179648K
  class space    used 9053K, committed 9728K, reserved 1048576K
}
Event: 598736.406 GC heap before
{Heap before GC invocations=15497 (full 10):
 PSYoungGen      total 7168K, used 7165K [0x00000000d5580000, 0x00000000d6e80000, 0x0000000100000000)
  eden space 6144K, 100% used [0x00000000d5580000,0x00000000d5b80000,0x00000000d5b80000)
  from space 1024K, 99% used [0x00000000d6280000,0x00000000d637f4e0,0x00000000d6380000)
  to   space 7168K, 0% used [0x00000000d5b80000,0x00000000d5b80000,0x00000000d6280000)
 ParOldGen       total 1154560K, used 1154516K [0x0000000080000000, 0x00000000c6780000, 0x00000000d5580000)
  object space 1154560K, 99% used [0x0000000080000000,0x00000000c6775050,0x00000000c6780000)
 Metaspace       used 94281K, committed 95744K, reserved 1179648K
  class space    used 9053K, committed 9728K, reserved 1048576K
}
Event: 598736.412 GC heap after
{Heap after GC invocations=15497 (full 10):
 PSYoungGen      total 9728K, used 3464K [0x00000000d5580000, 0x00000000d6480000, 0x0000000100000000)
  eden space 6144K, 0% used [0x00000000d5580000,0x00000000d5580000,0x00000000d5b80000)
  from space 3584K, 96% used [0x00000000d5b80000,0x00000000d5ee23f0,0x00000000d5f00000)
  to   space 4608K, 0% used [0x00000000d6000000,0x00000000d6000000,0x00000000d6480000)
 ParOldGen       total 1155584K, used 1155185K [0x0000000080000000, 0x00000000c6880000, 0x00000000d5580000)
  object space 1155584K, 99% used [0x0000000080000000,0x00000000c681c530,0x00000000c6880000)
 Metaspace       used 94281K, committed 95744K, reserved 1179648K
  class space    used 9053K, committed 9728K, reserved 1048576K
}
Event: 598739.039 GC heap before
{Heap before GC invocations=15498 (full 10):
 PSYoungGen      total 9728K, used 9608K [0x00000000d5580000, 0x00000000d6480000, 0x0000000100000000)
  eden space 6144K, 100% used [0x00000000d5580000,0x00000000d5b80000,0x00000000d5b80000)
  from space 3584K, 96% used [0x00000000d5b80000,0x00000000d5ee23f0,0x00000000d5f00000)
  to   space 4608K, 0% used [0x00000000d6000000,0x00000000d6000000,0x00000000d6480000)
 ParOldGen       total 1155584K, used 1155185K [0x0000000080000000, 0x00000000c6880000, 0x00000000d5580000)
  object space 1155584K, 99% used [0x0000000080000000,0x00000000c681c530,0x00000000c6880000)
 Metaspace       used 94281K, committed 95744K, reserved 1179648K
  class space    used 9053K, committed 9728K, reserved 1048576K
}
Event: 598739.044 GC heap after
{Heap after GC invocations=15498 (full 10):
 PSYoungGen      total 6656K, used 256K [0x00000000d5580000, 0x00000000d6080000, 0x0000000100000000)
  eden space 6144K, 0% used [0x00000000d5580000,0x00000000d5580000,0x00000000d5b80000)
  from space 512K, 50% used [0x00000000d6000000,0x00000000d6040000,0x00000000d6080000)
  to   space 2048K, 0% used [0x00000000d5c80000,0x00000000d5c80000,0x00000000d5e80000)
 ParOldGen       total 1158656K, used 1158242K [0x0000000080000000, 0x00000000c6b80000, 0x00000000d5580000)
  object space 1158656K, 99% used [0x0000000080000000,0x00000000c6b18910,0x00000000c6b80000)
 Metaspace       used 94281K, committed 95744K, reserved 1179648K
  class space    used 9053K, committed 9728K, reserved 1048576K
}
Event: 598739.062 GC heap before
{Heap before GC invocations=15499 (full 10):
 PSYoungGen      total 6656K, used 6188K [0x00000000d5580000, 0x00000000d6080000, 0x0000000100000000)
  eden space 6144K, 96% used [0x00000000d5580000,0x00000000d5b4b170,0x00000000d5b80000)
  from space 512K, 50% used [0x00000000d6000000,0x00000000d6040000,0x00000000d6080000)
  to   space 2048K, 0% used [0x00000000d5c80000,0x00000000d5c80000,0x00000000d5e80000)
 ParOldGen       total 1158656K, used 1158242K [0x0000000080000000, 0x00000000c6b80000, 0x00000000d5580000)
  object space 1158656K, 99% used [0x0000000080000000,0x00000000c6b18910,0x00000000c6b80000)
 Metaspace       used 94281K, committed 95744K, reserved 1179648K
  class space    used 9053K, committed 9728K, reserved 1048576K
}
Event: 598739.068 GC heap after
{Heap after GC invocations=15499 (full 10):
 PSYoungGen      total 8192K, used 256K [0x00000000d5580000, 0x00000000d6080000, 0x0000000100000000)
  eden space 6144K, 0% used [0x00000000d5580000,0x00000000d5580000,0x00000000d5b80000)
  from space 2048K, 12% used [0x00000000d5c80000,0x00000000d5cc0000,0x00000000d5e80000)
  to   space 512K, 0% used [0x00000000d6000000,0x00000000d6000000,0x00000000d6080000)
 ParOldGen       total 1158656K, used 1158306K [0x0000000080000000, 0x00000000c6b80000, 0x00000000d5580000)
  object space 1158656K, 99% used [0x0000000080000000,0x00000000c6b28910,0x00000000c6b80000)
 Metaspace       used 94281K, committed 95744K, reserved 1179648K
  class space    used 9053K, committed 9728K, reserved 1048576K
}
Event: 598739.077 GC heap before
{Heap before GC invocations=15500 (full 10):
 PSYoungGen      total 8192K, used 6208K [0x00000000d5580000, 0x00000000d6080000, 0x0000000100000000)
  eden space 6144K, 96% used [0x00000000d5580000,0x00000000d5b50198,0x00000000d5b80000)
  from space 2048K, 12% used [0x00000000d5c80000,0x00000000d5cc0000,0x00000000d5e80000)
  to   space 512K, 0% used [0x00000000d6000000,0x00000000d6000000,0x00000000d6080000)
 ParOldGen       total 1158656K, used 1158306K [0x0000000080000000, 0x00000000c6b80000, 0x00000000d5580000)
  object space 1158656K, 99% used [0x0000000080000000,0x00000000c6b28910,0x00000000c6b80000)
 Metaspace       used 94281K, committed 95744K, reserved 1179648K
  class space    used 9053K, committed 9728K, reserved 1048576K
}
Event: 598739.080 GC heap after
{Heap after GC invocations=15500 (full 10):
 PSYoungGen      total 6656K, used 483K [0x00000000d5580000, 0x00000000d6080000, 0x0000000100000000)
  eden space 6144K, 0% used [0x00000000d5580000,0x00000000d5580000,0x00000000d5b80000)
  from space 512K, 94% used [0x00000000d6000000,0x00000000d6078cb8,0x00000000d6080000)
  to   space 2560K, 0% used [0x00000000d5b80000,0x00000000d5b80000,0x00000000d5e00000)
 ParOldGen       total 1160192K, used 1159908K [0x0000000080000000, 0x00000000c6d00000, 0x00000000d5580000)
  object space 1160192K, 99% used [0x0000000080000000,0x00000000c6cb92f0,0x00000000c6d00000)
 Metaspace       used 94281K, committed 95744K, reserved 1179648K
  class space    used 9053K, committed 9728K, reserved 1048576K
}
Event: 598739.089 GC heap before
{Heap before GC invocations=15501 (full 10):
 PSYoungGen      total 6656K, used 6389K [0x00000000d5580000, 0x00000000d6080000, 0x0000000100000000)
  eden space 6144K, 96% used [0x00000000d5580000,0x00000000d5b449c8,0x00000000d5b80000)
  from space 512K, 94% used [0x00000000d6000000,0x00000000d6078cb8,0x00000000d6080000)
  to   space 2560K, 0% used [0x00000000d5b80000,0x00000000d5b80000,0x00000000d5e00000)
 ParOldGen       total 1160192K, used 1159908K [0x0000000080000000, 0x00000000c6d00000, 0x00000000d5580000)
  object space 1160192K, 99% used [0x0000000080000000,0x00000000c6cb92f0,0x00000000c6d00000)
 Metaspace       used 94281K, committed 95744K, reserved 1179648K
  class space    used 9053K, committed 9728K, reserved 1048576K
}
Event: 598739.092 GC heap after
{Heap after GC invocations=15501 (full 10):
 PSYoungGen      total 8704K, used 704K [0x00000000d5580000, 0x00000000d6080000, 0x0000000100000000)
  eden space 6144K, 0% used [0x00000000d5580000,0x00000000d5580000,0x00000000d5b80000)
  from space 2560K, 27% used [0x00000000d5b80000,0x00000000d5c30000,0x00000000d5e00000)
  to   space 1536K, 0% used [0x00000000d5f00000,0x00000000d5f00000,0x00000000d6080000)
 ParOldGen       total 1160192K, used 1159979K [0x0000000080000000, 0x00000000c6d00000, 0x00000000d5580000)
  object space 1160192K, 99% used [0x0000000080000000,0x00000000c6ccad30,0x00000000c6d00000)
 Metaspace       used 94281K, committed 95744K, reserved 1179648K
  class space    used 9053K, committed 9728K, reserved 1048576K
}
Event: 598739.100 GC heap before
{Heap before GC invocations=15502 (full 10):
 PSYoungGen      total 8704K, used 6848K [0x00000000d5580000, 0x00000000d6080000, 0x0000000100000000)
  eden space 6144K, 100% used [0x00000000d5580000,0x00000000d5b80000,0x00000000d5b80000)
  from space 2560K, 27% used [0x00000000d5b80000,0x00000000d5c30000,0x00000000d5e00000)
  to   space 1536K, 0% used [0x00000000d5f00000,0x00000000d5f00000,0x00000000d6080000)
 ParOldGen       total 1160192K, used 1159979K [0x0000000080000000, 0x00000000c6d00000, 0x00000000d5580000)
  object space 1160192K, 99% used [0x0000000080000000,0x00000000c6ccad30,0x00000000c6d00000)
 Metaspace       used 94281K, committed 95744K, reserved 1179648K
  class space    used 9053K, committed 9728K, reserved 1048576K
}
Event: 598739.104 GC heap after
{Heap after GC invocations=15502 (full 10):
 PSYoungGen      total 6656K, used 288K [0x00000000d5580000, 0x00000000d5f80000, 0x0000000100000000)
  eden space 6144K, 0% used [0x00000000d5580000,0x00000000d5580000,0x00000000d5b80000)
  from space 512K, 56% used [0x00000000d5f00000,0x00000000d5f48000,0x00000000d5f80000)
  to   space 1024K, 0% used [0x00000000d5d80000,0x00000000d5d80000,0x00000000d5e80000)
 ParOldGen       total 1160704K, used 1160499K [0x0000000080000000, 0x00000000c6d80000, 0x00000000d5580000)
  object space 1160704K, 99% used [0x0000000080000000,0x00000000c6d4cd30,0x00000000c6d80000)
 Metaspace       used 94281K, committed 95744K, reserved 1179648K
  class space    used 9053K, committed 9728K, reserved 1048576K
}
Event: 598752.356 GC heap before
{Heap before GC invocations=15503 (full 10):
 PSYoungGen      total 6656K, used 6432K [0x00000000d5580000, 0x00000000d5f80000, 0x0000000100000000)
  eden space 6144K, 100% used [0x00000000d5580000,0x00000000d5b80000,0x00000000d5b80000)
  from space 512K, 56% used [0x00000000d5f00000,0x00000000d5f48000,0x00000000d5f80000)
  to   space 1024K, 0% used [0x00000000d5d80000,0x00000000d5d80000,0x00000000d5e80000)
 ParOldGen       total 1160704K, used 1160499K [0x0000000080000000, 0x00000000c6d80000, 0x00000000d5580000)
  object space 1160704K, 99% used [0x0000000080000000,0x00000000c6d4cd30,0x00000000c6d80000)
 Metaspace       used 94281K, committed 95744K, reserved 1179648K
  class space    used 9053K, committed 9728K, reserved 1048576K
}
Event: 598752.360 GC heap after
{Heap after GC invocations=15503 (full 10):
 PSYoungGen      total 7168K, used 1005K [0x00000000d5580000, 0x00000000d6580000, 0x0000000100000000)
  eden space 6144K, 0% used [0x00000000d5580000,0x00000000d5580000,0x00000000d5b80000)
  from space 1024K, 98% used [0x00000000d5d80000,0x00000000d5e7b4e0,0x00000000d5e80000)
  to   space 5120K, 0% used [0x00000000d6080000,0x00000000d6080000,0x00000000d6580000)
 ParOldGen       total 1163776K, used 1163680K [0x0000000080000000, 0x00000000c7080000, 0x00000000d5580000)
  object space 1163776K, 99% used [0x0000000080000000,0x00000000c70681c0,0x00000000c7080000)
 Metaspace       used 94281K, committed 95744K, reserved 1179648K
  class space    used 9053K, committed 9728K, reserved 1048576K
}
Event: 598752.384 GC heap before
{Heap before GC invocations=15504 (full 10):
 PSYoungGen      total 7168K, used 7144K [0x00000000d5580000, 0x00000000d6580000, 0x0000000100000000)
  eden space 6144K, 99% used [0x00000000d5580000,0x00000000d5b7ed58,0x00000000d5b80000)
  from space 1024K, 98% used [0x00000000d5d80000,0x00000000d5e7b4e0,0x00000000d5e80000)
  to   space 5120K, 0% used [0x00000000d6080000,0x00000000d6080000,0x00000000d6580000)
 ParOldGen       total 1163776K, used 1163680K [0x0000000080000000, 0x00000000c7080000, 0x00000000d5580000)
  object space 1163776K, 99% used [0x0000000080000000,0x00000000c70681c0,0x00000000c7080000)
 Metaspace       used 94281K, committed 95744K, reserved 1179648K
  class space    used 9053K, committed 9728K, reserved 1048576K
}
Event: 598752.388 GC heap after
{Heap after GC invocations=15504 (full 10):
 PSYoungGen      total 9728K, used 3461K [0x00000000d5580000, 0x00000000d6400000, 0x0000000100000000)
  eden space 6144K, 0% used [0x00000000d5580000,0x00000000d5580000,0x00000000d5b80000)
  from space 3584K, 96% used [0x00000000d6080000,0x00000000d63e1780,0x00000000d6400000)
  to   space 4096K, 0% used [0x00000000d5c00000,0x00000000d5c00000,0x00000000d6000000)
 ParOldGen       total 1163776K, used 1163736K [0x0000000080000000, 0x00000000c7080000, 0x00000000d5580000)
  object space 1163776K, 99% used [0x0000000080000000,0x00000000c70761d0,0x00000000c7080000)
 Metaspace       used 94281K, committed 95744K, reserved 1179648K
  class space    used 9053K, committed 9728K, reserved 1048576K
}
Event: 607794.497 GC heap before
{Heap before GC invocations=15505 (full 10):
 PSYoungGen      total 9728K, used 9605K [0x00000000d5580000, 0x00000000d6400000, 0x0000000100000000)
  eden space 6144K, 100% used [0x00000000d5580000,0x00000000d5b80000,0x00000000d5b80000)
  from space 3584K, 96% used [0x00000000d6080000,0x00000000d63e1780,0x00000000d6400000)
  to   space 4096K, 0% used [0x00000000d5c00000,0x00000000d5c00000,0x00000000d6000000)
 ParOldGen       total 1163776K, used 1163736K [0x0000000080000000, 0x00000000c7080000, 0x00000000d5580000)
  object space 1163776K, 99% used [0x0000000080000000,0x00000000c70761d0,0x00000000c7080000)
 Metaspace       used 94294K, committed 95744K, reserved 1179648K
  class space    used 9053K, committed 9728K, reserved 1048576K
}
Event: 607795.527 GC heap after
{Heap after GC invocations=15505 (full 10):
 PSYoungGen      total 7168K, used 912K [0x00000000d5580000, 0x00000000d6100000, 0x0000000100000000)
  eden space 6144K, 0% used [0x00000000d5580000,0x00000000d5580000,0x00000000d5b80000)
  from space 1024K, 89% used [0x00000000d5c00000,0x00000000d5ce4020,0x00000000d5d00000)
  to   space 2048K, 0% used [0x00000000d5f00000,0x00000000d5f00000,0x00000000d6100000)
 ParOldGen       total 1166336K, used 1166040K [0x0000000080000000, 0x00000000c7300000, 0x00000000d5580000)
  object space 1166336K, 99% used [0x0000000080000000,0x00000000c72b61d0,0x00000000c7300000)
 Metaspace       used 94294K, committed 95744K, reserved 1179648K
  class space    used 9053K, committed 9728K, reserved 1048576K
}

